<?xml version="1.0" encoding="UTF-8"?>
<!-- Generated by org.testng.reporters.JUnitXMLReporter -->
<testsuite ignored="0" hostname="Venkatesh" failures="3" tests="7" name="Surefire test" time="11.111" errors="0" timestamp="2023-07-03T08:53:11 IST">
  <testcase classname="api.test.DDTests" name="testPostUser" time="0.0">
    <failure type="java.lang.RuntimeException" message="java.lang.NoSuchMethodError: &amp;apos;org.apache.logging.log4j.LogBuilder org.apache.logging.log4j.Logger.atDebug()&amp;apos;">
      <![CDATA[java.lang.RuntimeException: java.lang.NoSuchMethodError: 'org.apache.logging.log4j.LogBuilder org.apache.logging.log4j.Logger.atDebug()'
at java.base/java.util.ArrayList.forEach(ArrayList.java:1511)
Caused by: java.lang.NoSuchMethodError: 'org.apache.logging.log4j.LogBuilder org.apache.logging.log4j.Logger.atDebug()'
at org.apache.poi.openxml4j.opc.PackageRelationshipCollection.parseRelationshipsPart(PackageRelationshipCollection.java:309)
at org.apache.poi.openxml4j.opc.PackageRelationshipCollection.<init>(PackageRelationshipCollection.java:160)
at org.apache.poi.openxml4j.opc.PackageRelationshipCollection.<init>(PackageRelationshipCollection.java:130)
at org.apache.poi.openxml4j.opc.PackagePart.loadRelationships(PackagePart.java:565)
at org.apache.poi.openxml4j.opc.OPCPackage.getParts(OPCPackage.java:751)
at org.apache.poi.openxml4j.opc.OPCPackage.open(OPCPackage.java:322)
at org.apache.poi.ooxml.util.PackageHelper.open(PackageHelper.java:59)
at org.apache.poi.xssf.usermodel.XSSFWorkbook.<init>(XSSFWorkbook.java:290)
at org.apache.poi.xssf.usermodel.XSSFWorkbook.<init>(XSSFWorkbook.java:286)
at api.Utilities.XLUtility.getRowCount(XLUtility.java:34)
at api.Utilities.DataProviders.getAllData(DataProviders.java:14)
... 30 more
... Removed 37 stack frames]]>
    </failure>
  </testcase> <!-- testPostUser -->
  <testcase classname="api.test.DDTests" name="getUserByName" time="0.0">
    <failure type="java.lang.RuntimeException" message="java.lang.NoSuchMethodError: &amp;apos;org.apache.logging.log4j.LogBuilder org.apache.logging.log4j.Logger.atDebug()&amp;apos;">
      <![CDATA[java.lang.RuntimeException: java.lang.NoSuchMethodError: 'org.apache.logging.log4j.LogBuilder org.apache.logging.log4j.Logger.atDebug()'
at java.base/java.util.ArrayList.forEach(ArrayList.java:1511)
Caused by: java.lang.NoSuchMethodError: 'org.apache.logging.log4j.LogBuilder org.apache.logging.log4j.Logger.atDebug()'
at org.apache.poi.openxml4j.opc.PackageRelationshipCollection.parseRelationshipsPart(PackageRelationshipCollection.java:309)
at org.apache.poi.openxml4j.opc.PackageRelationshipCollection.<init>(PackageRelationshipCollection.java:160)
at org.apache.poi.openxml4j.opc.PackageRelationshipCollection.<init>(PackageRelationshipCollection.java:130)
at org.apache.poi.openxml4j.opc.PackagePart.loadRelationships(PackagePart.java:565)
at org.apache.poi.openxml4j.opc.OPCPackage.getParts(OPCPackage.java:751)
at org.apache.poi.openxml4j.opc.OPCPackage.open(OPCPackage.java:322)
at org.apache.poi.ooxml.util.PackageHelper.open(PackageHelper.java:59)
at org.apache.poi.xssf.usermodel.XSSFWorkbook.<init>(XSSFWorkbook.java:290)
at org.apache.poi.xssf.usermodel.XSSFWorkbook.<init>(XSSFWorkbook.java:286)
at api.Utilities.XLUtility.getRowCount(XLUtility.java:34)
at api.Utilities.DataProviders.getUserNames(DataProviders.java:31)
... 30 more
... Removed 37 stack frames]]>
    </failure>
  </testcase> <!-- getUserByName -->
  <testcase classname="api.test.DDTests" name="deleteUser" time="0.0">
    <failure type="java.lang.RuntimeException" message="java.lang.NoSuchMethodError: &amp;apos;org.apache.logging.log4j.LogBuilder org.apache.logging.log4j.Logger.atDebug()&amp;apos;">
      <![CDATA[java.lang.RuntimeException: java.lang.NoSuchMethodError: 'org.apache.logging.log4j.LogBuilder org.apache.logging.log4j.Logger.atDebug()'
at java.base/java.util.ArrayList.forEach(ArrayList.java:1511)
Caused by: java.lang.NoSuchMethodError: 'org.apache.logging.log4j.LogBuilder org.apache.logging.log4j.Logger.atDebug()'
at org.apache.poi.openxml4j.opc.PackageRelationshipCollection.parseRelationshipsPart(PackageRelationshipCollection.java:309)
at org.apache.poi.openxml4j.opc.PackageRelationshipCollection.<init>(PackageRelationshipCollection.java:160)
at org.apache.poi.openxml4j.opc.PackageRelationshipCollection.<init>(PackageRelationshipCollection.java:130)
at org.apache.poi.openxml4j.opc.PackagePart.loadRelationships(PackagePart.java:565)
at org.apache.poi.openxml4j.opc.OPCPackage.getParts(OPCPackage.java:751)
at org.apache.poi.openxml4j.opc.OPCPackage.open(OPCPackage.java:322)
at org.apache.poi.ooxml.util.PackageHelper.open(PackageHelper.java:59)
at org.apache.poi.xssf.usermodel.XSSFWorkbook.<init>(XSSFWorkbook.java:290)
at org.apache.poi.xssf.usermodel.XSSFWorkbook.<init>(XSSFWorkbook.java:286)
at api.Utilities.XLUtility.getRowCount(XLUtility.java:34)
at api.Utilities.DataProviders.getUserNames(DataProviders.java:31)
... 30 more
... Removed 37 stack frames]]>
    </failure>
  </testcase> <!-- deleteUser -->
  <testcase classname="api.test.UserTest" name="testPostUser" time="3.908"/>
  <testcase classname="api.test.UserTest" name="getuserByName" time="1.645"/>
  <testcase classname="api.test.UserTest" name="updatetheUser" time="3.067"/>
  <testcase classname="api.test.UserTest" name="deleteuser" time="1.634"/>
</testsuite> <!-- Surefire test -->
