<?xml version="1.0" encoding="UTF-8"?>
<!-- Generated by org.testng.reporters.JUnitXMLReporter -->
<testsuite ignored="0" hostname="Venkatesh" failures="0" tests="4" name="Test" time="10.584" errors="0" timestamp="2023-07-02T10:13:02 IST">
  <testcase classname="api.test.UserTest" name="testPostUser" time="3.515"/>
  <testcase classname="api.test.UserTest" name="getuserByName" time="1.757"/>
  <testcase classname="api.test.UserTest" name="updatetheUser" time="2.794"/>
  <testcase classname="api.test.UserTest" name="deleteuser" time="1.799"/>
</testsuite> <!-- Test -->
